[2025-12-26 00:00:01] =========================================
[2025-12-26 00:00:01] Starting hourly crawl
[2025-12-26 00:00:01] =========================================
[2025-12-26 00:00:01] Crawling category: politics
/home/mare/Baram/scripts/hourly-crawl.sh: line 38: cargo: command not found
[2025-12-26 00:00:01] ✗ politics failed
[2025-12-26 00:00:01] Crawling category: economy
/home/mare/Baram/scripts/hourly-crawl.sh: line 38: cargo: command not found
[2025-12-26 00:00:01] ✗ economy failed
[2025-12-26 00:00:01] Crawling category: society
/home/mare/Baram/scripts/hourly-crawl.sh: line 38: cargo: command not found
[2025-12-26 00:00:01] ✗ society failed
[2025-12-26 00:00:01] Crawling category: culture
/home/mare/Baram/scripts/hourly-crawl.sh: line 38: cargo: command not found
[2025-12-26 00:00:01] ✗ culture failed
[2025-12-26 00:00:01] Crawling category: world
/home/mare/Baram/scripts/hourly-crawl.sh: line 38: cargo: command not found
[2025-12-26 00:00:01] ✗ world failed
[2025-12-26 00:00:01] Crawling category: it
/home/mare/Baram/scripts/hourly-crawl.sh: line 38: cargo: command not found
[2025-12-26 00:00:01] ✗ it failed
[2025-12-26 00:00:01] Indexing to OpenSearch...
[2025-12-26 00:00:03] Indexing completed
[2025-12-26 00:00:03] =========================================
[2025-12-26 00:00:03] Crawl Summary
[2025-12-26 00:00:03]   Total articles: 62
[2025-12-26 00:00:03]   Indexed: 38
[2025-12-26 00:00:03] =========================================
[2025-12-26 00:45:01] =========================================
[2025-12-26 00:45:01] Starting automated crawl & processing
[2025-12-26 00:45:01] =========================================
[2025-12-26 00:45:01] Phase 1: Crawling articles...
[2025-12-26 00:45:01]   Crawling: politics
/home/mare/Baram/scripts/hourly-crawl.sh: line 50: cargo: command not found
[2025-12-26 00:45:01]   ✗ politics failed
[2025-12-26 01:30:01] =========================================
[2025-12-26 01:30:01] Starting automated crawl & processing
[2025-12-26 01:30:01] =========================================
[2025-12-26 01:30:01] Phase 1: Crawling articles...
[2025-12-26 01:30:01]   Crawling: politics
/home/mare/Baram/scripts/hourly-crawl.sh: line 50: cargo: command not found
[2025-12-26 01:30:01]   ✗ politics failed
[2025-12-26 02:15:01] =========================================
[2025-12-26 02:15:01] Starting automated crawl & processing
[2025-12-26 02:15:01] =========================================
[2025-12-26 02:15:01] Phase 1: Crawling articles...
[2025-12-26 02:15:01]   Crawling: politics
/home/mare/Baram/scripts/hourly-crawl.sh: line 50: cargo: command not found
[2025-12-26 02:15:01]   ✗ politics failed
[2025-12-26 03:00:01] =========================================
[2025-12-26 03:00:01] Starting automated crawl & processing
[2025-12-26 03:00:01] =========================================
[2025-12-26 03:00:01] Phase 1: Crawling articles...
[2025-12-26 03:00:01]   Crawling: politics
/home/mare/Baram/scripts/hourly-crawl.sh: line 50: cargo: command not found
[2025-12-26 03:00:01]   ✗ politics failed
[2025-12-26 03:45:01] =========================================
[2025-12-26 03:45:01] Starting automated crawl & processing
[2025-12-26 03:45:01] =========================================
[2025-12-26 03:45:01] Phase 1: Crawling articles...
[2025-12-26 03:45:01]   Crawling: politics
/home/mare/Baram/scripts/hourly-crawl.sh: line 50: cargo: command not found
[2025-12-26 03:45:01]   ✗ politics failed
[2025-12-26 04:30:01] =========================================
[2025-12-26 04:30:01] Starting automated crawl & processing
[2025-12-26 04:30:01] =========================================
[2025-12-26 04:30:01] Phase 1: Crawling articles...
[2025-12-26 04:30:01]   Crawling: politics
/home/mare/Baram/scripts/hourly-crawl.sh: line 50: cargo: command not found
[2025-12-26 04:30:01]   ✗ politics failed
[2025-12-26 05:15:01] =========================================
[2025-12-26 05:15:01] Starting automated crawl & processing
[2025-12-26 05:15:01] =========================================
[2025-12-26 05:15:01] Phase 1: Crawling articles...
[2025-12-26 05:15:01]   Crawling: politics
/home/mare/Baram/scripts/hourly-crawl.sh: line 50: cargo: command not found
[2025-12-26 05:15:01]   ✗ politics failed
[2025-12-26 06:00:01] =========================================
[2025-12-26 06:00:01] Starting automated crawl & processing
[2025-12-26 06:00:01] =========================================
[2025-12-26 06:00:01] Phase 1: Crawling articles...
[2025-12-26 06:00:01]   Crawling: politics
/home/mare/Baram/scripts/hourly-crawl.sh: line 50: cargo: command not found
[2025-12-26 06:00:01]   ✗ politics failed
[2025-12-26 06:45:01] =========================================
[2025-12-26 06:45:01] Starting automated crawl & processing
[2025-12-26 06:45:01] =========================================
[2025-12-26 06:45:01] Phase 1: Crawling articles...
[2025-12-26 06:45:01]   Crawling: politics
/home/mare/Baram/scripts/hourly-crawl.sh: line 50: cargo: command not found
[2025-12-26 06:45:01]   ✗ politics failed
[2025-12-26 07:30:01] =========================================
[2025-12-26 07:30:01] Starting automated crawl & processing
[2025-12-26 07:30:01] =========================================
[2025-12-26 07:30:01] Phase 1: Crawling articles...
[2025-12-26 07:30:01]   Crawling: politics
/home/mare/Baram/scripts/hourly-crawl.sh: line 50: cargo: command not found
[2025-12-26 07:30:01]   ✗ politics failed
[2025-12-26 08:15:01] =========================================
[2025-12-26 08:15:01] Starting automated crawl & processing
[2025-12-26 08:15:01] =========================================
[2025-12-26 08:15:01] Phase 1: Crawling articles...
[2025-12-26 08:15:01]   Crawling: politics
/home/mare/Baram/scripts/hourly-crawl.sh: line 50: cargo: command not found
[2025-12-26 08:15:01]   ✗ politics failed
[2025-12-26 09:00:01] =========================================
[2025-12-26 09:00:02] Starting automated crawl & processing
[2025-12-26 09:00:02] =========================================
[2025-12-26 09:00:02] Phase 1: Crawling articles...
[2025-12-26 09:00:02]   Crawling: politics
/home/mare/Baram/scripts/hourly-crawl.sh: line 50: cargo: command not found
[2025-12-26 09:00:02]   ✗ politics failed
[2025-12-26 09:45:01] =========================================
[2025-12-26 09:45:01] Starting automated crawl & processing
[2025-12-26 09:45:01] =========================================
[2025-12-26 09:45:01] Phase 1: Crawling articles...
[2025-12-26 09:45:01]   Crawling: politics
/home/mare/Baram/scripts/hourly-crawl.sh: line 50: cargo: command not found
[2025-12-26 09:45:01]   ✗ politics failed
[2025-12-26 10:30:01] =========================================
[2025-12-26 10:30:01] Starting automated crawl & processing
[2025-12-26 10:30:01] =========================================
[2025-12-26 10:30:01] Phase 1: Crawling articles...
[2025-12-26 10:30:01]   Crawling: politics
/home/mare/Baram/scripts/hourly-crawl.sh: line 50: cargo: command not found
[2025-12-26 10:30:01]   ✗ politics failed
[2025-12-26 11:15:01] =========================================
[2025-12-26 11:15:01] Starting automated crawl & processing
[2025-12-26 11:15:01] =========================================
[2025-12-26 11:15:01] Phase 1: Crawling articles...
[2025-12-26 11:15:01]   Crawling: politics
/home/mare/Baram/scripts/hourly-crawl.sh: line 50: cargo: command not found
[2025-12-26 11:15:01]   ✗ politics failed
[2025-12-26 12:00:01] =========================================
[2025-12-26 12:00:01] Starting automated crawl & processing
[2025-12-26 12:00:01] =========================================
[2025-12-26 12:00:01] Phase 1: Crawling articles...
[2025-12-26 12:00:01]   Crawling: politics
/home/mare/Baram/scripts/hourly-crawl.sh: line 50: cargo: command not found
[2025-12-26 12:00:01]   ✗ politics failed
[2025-12-26 12:45:01] =========================================
[2025-12-26 12:45:01] Starting automated crawl & processing
[2025-12-26 12:45:01] =========================================
[2025-12-26 12:45:01] Phase 1: Crawling articles...
[2025-12-26 12:45:01]   Crawling: politics
/home/mare/Baram/scripts/hourly-crawl.sh: line 50: cargo: command not found
[2025-12-26 12:45:01]   ✗ politics failed
[2025-12-26 13:30:01] =========================================
[2025-12-26 13:30:01] Starting automated crawl & processing
[2025-12-26 13:30:01] =========================================
[2025-12-26 13:30:01] Phase 1: Crawling articles...
[2025-12-26 13:30:01]   Crawling: politics
/home/mare/Baram/scripts/hourly-crawl.sh: line 50: cargo: command not found
[2025-12-26 13:30:01]   ✗ politics failed
[2025-12-26 14:15:01] =========================================
[2025-12-26 14:15:01] Starting automated crawl & processing
[2025-12-26 14:15:01] =========================================
[2025-12-26 14:15:01] Phase 1: Crawling articles...
[2025-12-26 14:15:01]   Crawling: politics
/home/mare/Baram/scripts/hourly-crawl.sh: line 50: cargo: command not found
[2025-12-26 14:15:01]   ✗ politics failed
[2025-12-26 15:00:01] =========================================
[2025-12-26 15:00:01] Starting automated crawl & processing
[2025-12-26 15:00:01] =========================================
[2025-12-26 15:00:01] Phase 1: Crawling articles...
[2025-12-26 15:00:01]   Crawling: politics
/home/mare/Baram/scripts/hourly-crawl.sh: line 50: cargo: command not found
[2025-12-26 15:00:01]   ✗ politics failed
[2025-12-26 15:45:01] =========================================
[2025-12-26 15:45:01] Starting automated crawl & processing
[2025-12-26 15:45:01] =========================================
[2025-12-26 15:45:01] Phase 1: Crawling articles...
[2025-12-26 15:45:01]   Crawling: politics
/home/mare/Baram/scripts/hourly-crawl.sh: line 50: cargo: command not found
[2025-12-26 15:45:01]   ✗ politics failed
[2025-12-26 16:30:01] =========================================
[2025-12-26 16:30:01] Starting automated crawl & processing
[2025-12-26 16:30:01] =========================================
[2025-12-26 16:30:01] Phase 1: Crawling articles...
[2025-12-26 16:30:01]   Crawling: politics
/home/mare/Baram/scripts/hourly-crawl.sh: line 50: cargo: command not found
[2025-12-26 16:30:01]   ✗ politics failed
[2025-12-26 17:15:01] =========================================
[2025-12-26 17:15:01] Starting automated crawl & processing
[2025-12-26 17:15:01] =========================================
[2025-12-26 17:15:01] Phase 1: Crawling articles...
[2025-12-26 17:15:01]   Crawling: politics
/home/mare/Baram/scripts/hourly-crawl.sh: line 50: cargo: command not found
[2025-12-26 17:15:01]   ✗ politics failed
[2025-12-26 18:00:01] =========================================
[2025-12-26 18:00:01] Starting automated crawl & processing
[2025-12-26 18:00:01] =========================================
[2025-12-26 18:00:01] Phase 1: Crawling articles...
[2025-12-26 18:00:01]   Crawling: politics
/home/mare/Baram/scripts/hourly-crawl.sh: line 50: cargo: command not found
[2025-12-26 18:00:01]   ✗ politics failed
[2025-12-26 18:45:01] =========================================
[2025-12-26 18:45:01] Starting automated crawl & processing
[2025-12-26 18:45:01] =========================================
[2025-12-26 18:45:01] Phase 1: Crawling articles...
[2025-12-26 18:45:01]   Crawling: politics
/home/mare/Baram/scripts/hourly-crawl.sh: line 50: cargo: command not found
[2025-12-26 18:45:01]   ✗ politics failed
[2025-12-26 19:30:01] =========================================
[2025-12-26 19:30:01] Starting automated crawl & processing
[2025-12-26 19:30:01] =========================================
[2025-12-26 19:30:01] Phase 1: Crawling articles...
[2025-12-26 19:30:01]   Crawling: politics
/home/mare/Baram/scripts/hourly-crawl.sh: line 50: cargo: command not found
[2025-12-26 19:30:01]   ✗ politics failed
[2025-12-26 20:15:01] =========================================
[2025-12-26 20:15:01] Starting automated crawl & processing
[2025-12-26 20:15:01] =========================================
[2025-12-26 20:15:01] Phase 1: Crawling articles...
[2025-12-26 20:15:01]   Crawling: politics
/home/mare/Baram/scripts/hourly-crawl.sh: line 50: cargo: command not found
[2025-12-26 20:15:01]   ✗ politics failed
[2025-12-26 21:00:01] =========================================
[2025-12-26 21:00:01] Starting automated crawl & processing
[2025-12-26 21:00:01] =========================================
[2025-12-26 21:00:01] Phase 1: Crawling articles...
[2025-12-26 21:00:01]   Crawling: politics
/home/mare/Baram/scripts/hourly-crawl.sh: line 50: cargo: command not found
[2025-12-26 21:00:01]   ✗ politics failed
[2025-12-26 21:45:01] =========================================
[2025-12-26 21:45:01] Starting automated crawl & processing
[2025-12-26 21:45:01] =========================================
[2025-12-26 21:45:01] Phase 1: Crawling articles...
[2025-12-26 21:45:01]   Crawling: politics
/home/mare/Baram/scripts/hourly-crawl.sh: line 50: cargo: command not found
[2025-12-26 21:45:01]   ✗ politics failed
[2025-12-26 22:30:01] =========================================
[2025-12-26 22:30:01] Starting automated crawl & processing
[2025-12-26 22:30:01] =========================================
[2025-12-26 22:30:01] Phase 1: Crawling articles...
[2025-12-26 22:30:01]   Crawling: politics
/home/mare/Baram/scripts/hourly-crawl.sh: line 50: cargo: command not found
[2025-12-26 22:30:01]   ✗ politics failed
[2025-12-26 23:15:01] =========================================
[2025-12-26 23:15:01] Starting automated crawl & processing
[2025-12-26 23:15:01] =========================================
[2025-12-26 23:15:01] Phase 1: Crawling articles...
[2025-12-26 23:15:01]   Crawling: politics
/home/mare/Baram/scripts/hourly-crawl.sh: line 50: cargo: command not found
[2025-12-26 23:15:01]   ✗ politics failed
